2015/08/12 04:07:39 [error] [exception.CHttpException.404] exception 'CHttpException' with message 'Unable to resolve the request "images/default/property/989affb7-3487-17d4-1311-55c75c767551/955341140.jpg".' in C:\xampp\htdocs\thebigrentals\framework\web\CWebApplication.php:286
Stack trace:
#0 C:\xampp\htdocs\thebigrentals\framework\web\CWebApplication.php(141): CWebApplication->runController('images/default/...')
#1 C:\xampp\htdocs\thebigrentals\framework\base\CApplication.php(184): CWebApplication->processRequest()
#2 C:\xampp\htdocs\thebigrentals\index.php(12): CApplication->run()
#3 {main}
REQUEST_URI=/thebigrentals/images/property/989affb7-3487-17d4-1311-55c75c767551/955341140.jpg
HTTP_REFERER=http://localhost/thebigrentals/
---
2015/08/12 04:07:41 [error] [exception.CHttpException.404] exception 'CHttpException' with message 'Unable to resolve the request "images/default/property/b2f89abe-d902-907e-c666-55733b703a84/361646452.jpg".' in C:\xampp\htdocs\thebigrentals\framework\web\CWebApplication.php:286
Stack trace:
#0 C:\xampp\htdocs\thebigrentals\framework\web\CWebApplication.php(141): CWebApplication->runController('images/default/...')
#1 C:\xampp\htdocs\thebigrentals\framework\base\CApplication.php(184): CWebApplication->processRequest()
#2 C:\xampp\htdocs\thebigrentals\index.php(12): CApplication->run()
#3 {main}
REQUEST_URI=/thebigrentals/images/property/b2f89abe-d902-907e-c666-55733b703a84/361646452.jpg
HTTP_REFERER=http://localhost/thebigrentals/
---
2015/08/12 04:07:41 [error] [exception.CHttpException.404] exception 'CHttpException' with message 'Unable to resolve the request "images/default/property/2b90e3ec-6b62-4ca2-98ad-5572d3d8f755/988218963.jpg".' in C:\xampp\htdocs\thebigrentals\framework\web\CWebApplication.php:286
Stack trace:
#0 C:\xampp\htdocs\thebigrentals\framework\web\CWebApplication.php(141): CWebApplication->runController('images/default/...')
#1 C:\xampp\htdocs\thebigrentals\framework\base\CApplication.php(184): CWebApplication->processRequest()
#2 C:\xampp\htdocs\thebigrentals\index.php(12): CApplication->run()
#3 {main}
REQUEST_URI=/thebigrentals/images/property/2b90e3ec-6b62-4ca2-98ad-5572d3d8f755/988218963.jpg
HTTP_REFERER=http://localhost/thebigrentals/
---
2015/08/12 04:07:41 [error] [exception.CHttpException.404] exception 'CHttpException' with message 'Unable to resolve the request "images/default/property/989affb7-3487-17d4-1311-55c75c767551/955341140.jpg".' in C:\xampp\htdocs\thebigrentals\framework\web\CWebApplication.php:286
Stack trace:
#0 C:\xampp\htdocs\thebigrentals\framework\web\CWebApplication.php(141): CWebApplication->runController('images/default/...')
#1 C:\xampp\htdocs\thebigrentals\framework\base\CApplication.php(184): CWebApplication->processRequest()
#2 C:\xampp\htdocs\thebigrentals\index.php(12): CApplication->run()
#3 {main}
REQUEST_URI=/thebigrentals/images/property/989affb7-3487-17d4-1311-55c75c767551/955341140.jpg
HTTP_REFERER=http://localhost/thebigrentals/
---
2015/08/12 04:07:47 [error] [php] S3::getObjectInfo(tbrs3, 988218963.jpg): [403] Unexpected HTTP status (C:\xampp\htdocs\thebigrentals\protected\extensions\s3\S3.php:363)
Stack trace:
#0 C:\xampp\htdocs\thebigrentals\protected\components\helpers.php(428): getObjectInfo()
#1 C:\xampp\htdocs\thebigrentals\protected\modules\user\views\default\myaccount.php(233): get_object_info()
#2 C:\xampp\htdocs\thebigrentals\framework\web\CBaseController.php(126): require()
#3 C:\xampp\htdocs\thebigrentals\framework\web\CBaseController.php(95): DefaultController->renderInternal()
#4 C:\xampp\htdocs\thebigrentals\framework\web\CController.php(869): DefaultController->renderFile()
#5 C:\xampp\htdocs\thebigrentals\framework\web\CController.php(782): DefaultController->renderPartial()
#6 C:\xampp\htdocs\thebigrentals\protected\modules\user\controllers\DefaultController.php(172): DefaultController->render()
#7 C:\xampp\htdocs\thebigrentals\framework\web\actions\CInlineAction.php(49): DefaultController->actionMyaccount()
#8 C:\xampp\htdocs\thebigrentals\framework\web\CController.php(308): CInlineAction->runWithParams()
#9 C:\xampp\htdocs\thebigrentals\framework\web\CController.php(286): DefaultController->runAction()
#10 C:\xampp\htdocs\thebigrentals\framework\web\CController.php(265): DefaultController->runActionWithFilters()
#11 C:\xampp\htdocs\thebigrentals\framework\web\CWebApplication.php(282): DefaultController->run()
#12 C:\xampp\htdocs\thebigrentals\framework\web\CWebApplication.php(141): CWebApplication->runController()
#13 C:\xampp\htdocs\thebigrentals\framework\base\CApplication.php(184): CWebApplication->processRequest()
#14 C:\xampp\htdocs\thebigrentals\index.php(12): CWebApplication->run()
REQUEST_URI=/thebigrentals/user/myaccount
in C:\xampp\htdocs\thebigrentals\protected\extensions\s3\S3.php (363)
in C:\xampp\htdocs\thebigrentals\protected\extensions\s3\S3.php (789)
in C:\xampp\htdocs\thebigrentals\protected\components\helpers.php (428)
2015/08/12 04:07:53 [error] [exception.CHttpException.404] exception 'CHttpException' with message 'Unable to resolve the request "css/default/calendar/font/icomoon.woff".' in C:\xampp\htdocs\thebigrentals\framework\web\CWebApplication.php:286
Stack trace:
#0 C:\xampp\htdocs\thebigrentals\framework\web\CWebApplication.php(141): CWebApplication->runController('css/default/cal...')
#1 C:\xampp\htdocs\thebigrentals\framework\base\CApplication.php(184): CWebApplication->processRequest()
#2 C:\xampp\htdocs\thebigrentals\index.php(12): CApplication->run()
#3 {main}
REQUEST_URI=/thebigrentals/css/calendar/font/icomoon.woff?-5wkouh
HTTP_REFERER=http://localhost/thebigrentals/css/calendar/style.css
---
2015/08/12 04:07:53 [error] [exception.CHttpException.404] exception 'CHttpException' with message 'Unable to resolve the request "css/default/calendar/font/icomoon.ttf".' in C:\xampp\htdocs\thebigrentals\framework\web\CWebApplication.php:286
Stack trace:
#0 C:\xampp\htdocs\thebigrentals\framework\web\CWebApplication.php(141): CWebApplication->runController('css/default/cal...')
#1 C:\xampp\htdocs\thebigrentals\framework\base\CApplication.php(184): CWebApplication->processRequest()
#2 C:\xampp\htdocs\thebigrentals\index.php(12): CApplication->run()
#3 {main}
REQUEST_URI=/thebigrentals/css/calendar/font/icomoon.ttf?-5wkouh
HTTP_REFERER=http://localhost/thebigrentals/css/calendar/style.css
---
